<?xml version="1.0" encoding="UTF-8"?>
<testsuite name="com.eth.dir.ServerTest" tests="1" skipped="0" failures="0" errors="0" timestamp="2018-03-24T18:49:48" hostname="Kal-Tadesse-MAC" time="0.0">
  <properties/>
  <testcase name="server_configuration_test" classname="com.eth.dir.ServerTest" time="0.0"/>
  <system-out><![CDATA[]]></system-out>
  <system-err><![CDATA[[Test worker] INFO org.eclipse.jetty.util.log - Logging initialized @632ms to org.eclipse.jetty.util.log.Slf4jLog
]]></system-err>
</testsuite>
